# JRE version: OpenJDK Runtime Environment (8.0_152-b06) (build 1.8.0_152-release-1136-b06)
# Java VM: OpenJDK 64-Bit Server VM (25.152-b06 mixed mode windows-amd64 compressed oops)
Heap:
 PSYoungGen      total 264704K, used 122062K [0x00000000e0000000, 0x00000000f2500000, 0x0000000100000000)
  eden space 229376K, 40% used [0x00000000e0000000,0x00000000e5aeb990,0x00000000ee000000)
  from space 35328K, 81% used [0x00000000ee000000,0x00000000efc48128,0x00000000f0280000)
  to   space 33280K, 0% used [0x00000000f0380000,0x00000000f0380000,0x00000000f2400000)
 ParOldGen       total 247296K, used 80607K [0x00000000a0000000, 0x00000000af180000, 0x00000000e0000000)
  object space 247296K, 32% used [0x00000000a0000000,0x00000000a4eb7d10,0x00000000af180000)
 Metaspace       used 91577K, capacity 95486K, committed 95704K, reserved 1132544K
  class space    used 11566K, capacity 12515K, committed 12544K, reserved 1048576K
GC Heap History (10 events):
Event: 127.801 GC heap before
{Heap before GC invocations=18 (full 3):
 PSYoungGen      total 231424K, used 223050K [0x00000000e0000000, 0x00000000f0b00000, 0x0000000100000000)
  eden space 205824K, 99% used [0x00000000e0000000,0x00000000ec8fc380,0x00000000ec900000)
  from space 25600K, 67% used [0x00000000ef200000,0x00000000f02d67e8,0x00000000f0b00000)
  to   space 33792K, 0% used [0x00000000ec900000,0x00000000ec900000,0x00000000eea00000)
 ParOldGen       total 247296K, used 65564K [0x00000000a0000000, 0x00000000af180000, 0x00000000e0000000)
  object space 247296K, 26% used [0x00000000a0000000,0x00000000a4007118,0x00000000af180000)
 Metaspace       used 76243K, capacity 79410K, committed 79448K, reserved 1118208K
  class space    used 9776K, capacity 10603K, committed 10624K, reserved 1048576K
Event: 127.828 GC heap after
Heap after GC invocations=18 (full 3):
 PSYoungGen      total 239616K, used 19489K [0x00000000e0000000, 0x00000000f2400000, 0x0000000100000000)
  eden space 205824K, 0% used [0x00000000e0000000,0x00000000e0000000,0x00000000ec900000)
  from space 33792K, 57% used [0x00000000ec900000,0x00000000edc08640,0x00000000eea00000)
  to   space 33280K, 0% used [0x00000000f0380000,0x00000000f0380000,0x00000000f2400000)
 ParOldGen       total 247296K, used 65572K [0x00000000a0000000, 0x00000000af180000, 0x00000000e0000000)
  object space 247296K, 26% used [0x00000000a0000000,0x00000000a4009118,0x00000000af180000)
 Metaspace       used 76243K, capacity 79410K, committed 79448K, reserved 1118208K
  class space    used 9776K, capacity 10603K, committed 10624K, reserved 1048576K
}
Event: 135.777 GC heap before
{Heap before GC invocations=19 (full 3):
 PSYoungGen      total 239616K, used 225313K [0x00000000e0000000, 0x00000000f2400000, 0x0000000100000000)
  eden space 205824K, 100% used [0x00000000e0000000,0x00000000ec900000,0x00000000ec900000)
  from space 33792K, 57% used [0x00000000ec900000,0x00000000edc08640,0x00000000eea00000)
  to   space 33280K, 0% used [0x00000000f0380000,0x00000000f0380000,0x00000000f2400000)
 ParOldGen       total 247296K, used 65572K [0x00000000a0000000, 0x00000000af180000, 0x00000000e0000000)
  object space 247296K, 26% used [0x00000000a0000000,0x00000000a4009118,0x00000000af180000)
 Metaspace       used 81928K, capacity 85092K, committed 85208K, reserved 1124352K
  class space    used 10427K, capacity 11254K, committed 11264K, reserved 1048576K
Event: 135.799 GC heap after
Heap after GC invocations=19 (full 3):
 PSYoungGen      total 262656K, used 27426K [0x00000000e0000000, 0x00000000f2500000, 0x0000000100000000)
  eden space 229376K, 0% used [0x00000000e0000000,0x00000000e0000000,0x00000000ee000000)
  from space 33280K, 82% used [0x00000000f0380000,0x00000000f1e48920,0x00000000f2400000)
  to   space 35328K, 0% used [0x00000000ee000000,0x00000000ee000000,0x00000000f0280000)
 ParOldGen       total 247296K, used 65580K [0x00000000a0000000, 0x00000000af180000, 0x00000000e0000000)
  object space 247296K, 26% used [0x00000000a0000000,0x00000000a400b118,0x00000000af180000)
 Metaspace       used 81928K, capacity 85092K, committed 85208K, reserved 1124352K
  class space    used 10427K, capacity 11254K, committed 11264K, reserved 1048576K
}
Event: 137.811 GC heap before
{Heap before GC invocations=20 (full 3):
 PSYoungGen      total 262656K, used 256802K [0x00000000e0000000, 0x00000000f2500000, 0x0000000100000000)
  eden space 229376K, 100% used [0x00000000e0000000,0x00000000ee000000,0x00000000ee000000)
  from space 33280K, 82% used [0x00000000f0380000,0x00000000f1e48920,0x00000000f2400000)
  to   space 35328K, 0% used [0x00000000ee000000,0x00000000ee000000,0x00000000f0280000)
 ParOldGen       total 247296K, used 65580K [0x00000000a0000000, 0x00000000af180000, 0x00000000e0000000)
  object space 247296K, 26% used [0x00000000a0000000,0x00000000a400b118,0x00000000af180000)
 Metaspace       used 91179K, capacity 95092K, committed 95192K, reserved 1132544K
  class space    used 11550K, capacity 12482K, committed 12544K, reserved 1048576K
Event: 137.870 GC heap after
Heap after GC invocations=20 (full 3):
 PSYoungGen      total 264704K, used 35306K [0x00000000e0000000, 0x00000000f2500000, 0x0000000100000000)
  eden space 229376K, 0% used [0x00000000e0000000,0x00000000e0000000,0x00000000ee000000)
  from space 35328K, 99% used [0x00000000ee000000,0x00000000f027ab70,0x00000000f0280000)
  to   space 33280K, 0% used [0x00000000f0380000,0x00000000f0380000,0x00000000f2400000)
 ParOldGen       total 247296K, used 72606K [0x00000000a0000000, 0x00000000af180000, 0x00000000e0000000)
  object space 247296K, 29% used [0x00000000a0000000,0x00000000a46e7bf0,0x00000000af180000)
 Metaspace       used 91179K, capacity 95092K, committed 95192K, reserved 1132544K
  class space    used 11550K, capacity 12482K, committed 12544K, reserved 1048576K
}
Event: 139.163 GC heap before
{Heap before GC invocations=21 (full 3):
 PSYoungGen      total 264704K, used 264682K [0x00000000e0000000, 0x00000000f2500000, 0x0000000100000000)
  eden space 229376K, 100% used [0x00000000e0000000,0x00000000ee000000,0x00000000ee000000)
  from space 35328K, 99% used [0x00000000ee000000,0x00000000f027ab70,0x00000000f0280000)
  to   space 33280K, 0% used [0x00000000f0380000,0x00000000f0380000,0x00000000f2400000)
 ParOldGen       total 247296K, used 72606K [0x00000000a0000000, 0x00000000af180000, 0x00000000e0000000)
  object space 247296K, 29% used [0x00000000a0000000,0x00000000a46e7bf0,0x00000000af180000)
 Metaspace       used 91287K, capacity 95178K, committed 95448K, reserved 1132544K
  class space    used 11555K, capacity 12483K, committed 12544K, reserved 1048576K
Event: 139.185 GC heap after
Heap after GC invocations=21 (full 3):
 PSYoungGen      total 262656K, used 27969K [0x00000000e0000000, 0x00000000f2500000, 0x0000000100000000)
  eden space 229376K, 0% used [0x00000000e0000000,0x00000000e0000000,0x00000000ee000000)
  from space 33280K, 84% used [0x00000000f0380000,0x00000000f1ed0750,0x00000000f2400000)
  to   space 35328K, 0% used [0x00000000ee000000,0x00000000ee000000,0x00000000f0280000)
 ParOldGen       total 247296K, used 80607K [0x00000000a0000000, 0x00000000af180000, 0x00000000e0000000)
  object space 247296K, 32% used [0x00000000a0000000,0x00000000a4eb7d10,0x00000000af180000)
 Metaspace       used 91287K, capacity 95178K, committed 95448K, reserved 1132544K
  class space    used 11555K, capacity 12483K, committed 12544K, reserved 1048576K
}
Event: 139.794 GC heap before
{Heap before GC invocations=22 (full 3):
 PSYoungGen      total 262656K, used 257345K [0x00000000e0000000, 0x00000000f2500000, 0x0000000100000000)
  eden space 229376K, 100% used [0x00000000e0000000,0x00000000ee000000,0x00000000ee000000)
  from space 33280K, 84% used [0x00000000f0380000,0x00000000f1ed0750,0x00000000f2400000)
  to   space 35328K, 0% used [0x00000000ee000000,0x00000000ee000000,0x00000000f0280000)
 ParOldGen       total 247296K, used 80607K [0x00000000a0000000, 0x00000000af180000, 0x00000000e0000000)
  object space 247296K, 32% used [0x00000000a0000000,0x00000000a4eb7d10,0x00000000af180000)
 Metaspace       used 91491K, capacity 95418K, committed 95448K, reserved 1132544K
  class space    used 11566K, capacity 12515K, committed 12544K, reserved 1048576K
Event: 139.821 GC heap after
Heap after GC invocations=22 (full 3):
 PSYoungGen      total 264704K, used 28960K [0x00000000e0000000, 0x00000000f2500000, 0x0000000100000000)
  eden space 229376K, 0% used [0x00000000e0000000,0x00000000e0000000,0x00000000ee000000)
  from space 35328K, 81% used [0x00000000ee000000,0x00000000efc48128,0x00000000f0280000)
  to   space 33280K, 0% used [0x00000000f0380000,0x00000000f0380000,0x00000000f2400000)
 ParOldGen       total 247296K, used 80607K [0x00000000a0000000, 0x00000000af180000, 0x00000000e0000000)
  object space 247296K, 32% used [0x00000000a0000000,0x00000000a4eb7d10,0x00000000af180000)
 Metaspace       used 91491K, capacity 95418K, committed 95448K, reserved 1132544K
  class space    used 11566K, capacity 12515K, committed 12544K, reserved 1048576K
}

