# JRE version: OpenJDK Runtime Environment (8.0_152-b06) (build 1.8.0_152-release-1136-b06)
# Java VM: OpenJDK 64-Bit Server VM (25.152-b06 mixed mode windows-amd64 compressed oops)
Heap:
 PSYoungGen      total 186880K, used 59775K [0x00000000e0000000, 0x00000000eeb80000, 0x0000000100000000)
  eden space 172544K, 34% used [0x00000000e0000000,0x00000000e3a5fee8,0x00000000ea880000)
  from space 14336K, 0% used [0x00000000eb600000,0x00000000eb600000,0x00000000ec400000)
  to   space 13824K, 0% used [0x00000000ea880000,0x00000000ea880000,0x00000000eb600000)
 ParOldGen       total 150528K, used 36853K [0x00000000a0000000, 0x00000000a9300000, 0x00000000e0000000)
  object space 150528K, 24% used [0x00000000a0000000,0x00000000a23fd6e0,0x00000000a9300000)
 Metaspace       used 59323K, capacity 61316K, committed 61568K, reserved 1101824K
  class space    used 8031K, capacity 8570K, committed 8576K, reserved 1048576K
GC Heap History (10 events):
Event: 5.010 GC heap before
{Heap before GC invocations=7 (full 1):
 PSYoungGen      total 137728K, used 24403K [0x00000000e0000000, 0x00000000ec400000, 0x0000000100000000)
  eden space 126976K, 10% used [0x00000000e0000000,0x00000000e0d56f68,0x00000000e7c00000)
  from space 10752K, 99% used [0x00000000e7c00000,0x00000000e867dd18,0x00000000e8680000)
  to   space 14336K, 0% used [0x00000000eb600000,0x00000000eb600000,0x00000000ec400000)
 ParOldGen       total 97280K, used 11998K [0x00000000a0000000, 0x00000000a5f00000, 0x00000000e0000000)
  object space 97280K, 12% used [0x00000000a0000000,0x00000000a0bb7840,0x00000000a5f00000)
 Metaspace       used 34391K, capacity 35326K, committed 35416K, reserved 1079296K
  class space    used 4721K, capacity 5048K, committed 5120K, reserved 1048576K
Event: 5.018 GC heap after
Heap after GC invocations=7 (full 1):
 PSYoungGen      total 186880K, used 10102K [0x00000000e0000000, 0x00000000eeb80000, 0x0000000100000000)
  eden space 172544K, 0% used [0x00000000e0000000,0x00000000e0000000,0x00000000ea880000)
  from space 14336K, 70% used [0x00000000eb600000,0x00000000ebfdd850,0x00000000ec400000)
  to   space 13824K, 0% used [0x00000000ea880000,0x00000000ea880000,0x00000000eb600000)
 ParOldGen       total 97280K, used 12006K [0x00000000a0000000, 0x00000000a5f00000, 0x00000000e0000000)
  object space 97280K, 12% used [0x00000000a0000000,0x00000000a0bb9840,0x00000000a5f00000)
 Metaspace       used 34391K, capacity 35326K, committed 35416K, reserved 1079296K
  class space    used 4721K, capacity 5048K, committed 5120K, reserved 1048576K
}
Event: 5.018 GC heap before
{Heap before GC invocations=8 (full 2):
 PSYoungGen      total 186880K, used 10102K [0x00000000e0000000, 0x00000000eeb80000, 0x0000000100000000)
  eden space 172544K, 0% used [0x00000000e0000000,0x00000000e0000000,0x00000000ea880000)
  from space 14336K, 70% used [0x00000000eb600000,0x00000000ebfdd850,0x00000000ec400000)
  to   space 13824K, 0% used [0x00000000ea880000,0x00000000ea880000,0x00000000eb600000)
 ParOldGen       total 97280K, used 12006K [0x00000000a0000000, 0x00000000a5f00000, 0x00000000e0000000)
  object space 97280K, 12% used [0x00000000a0000000,0x00000000a0bb9840,0x00000000a5f00000)
 Metaspace       used 34391K, capacity 35326K, committed 35416K, reserved 1079296K
  class space    used 4721K, capacity 5048K, committed 5120K, reserved 1048576K
Event: 5.070 GC heap after
Heap after GC invocations=8 (full 2):
 PSYoungGen      total 186880K, used 0K [0x00000000e0000000, 0x00000000eeb80000, 0x0000000100000000)
  eden space 172544K, 0% used [0x00000000e0000000,0x00000000e0000000,0x00000000ea880000)
  from space 14336K, 0% used [0x00000000eb600000,0x00000000eb600000,0x00000000ec400000)
  to   space 13824K, 0% used [0x00000000ea880000,0x00000000ea880000,0x00000000eb600000)
 ParOldGen       total 150528K, used 16954K [0x00000000a0000000, 0x00000000a9300000, 0x00000000e0000000)
  object space 150528K, 11% used [0x00000000a0000000,0x00000000a108eb28,0x00000000a9300000)
 Metaspace       used 34347K, capacity 35206K, committed 35416K, reserved 1079296K
  class space    used 4708K, capacity 5008K, committed 5120K, reserved 1048576K
}
Event: 6.354 GC heap before
{Heap before GC invocations=9 (full 2):
 PSYoungGen      total 186880K, used 172544K [0x00000000e0000000, 0x00000000eeb80000, 0x0000000100000000)
  eden space 172544K, 100% used [0x00000000e0000000,0x00000000ea880000,0x00000000ea880000)
  from space 14336K, 0% used [0x00000000eb600000,0x00000000eb600000,0x00000000ec400000)
  to   space 13824K, 0% used [0x00000000ea880000,0x00000000ea880000,0x00000000eb600000)
 ParOldGen       total 150528K, used 16954K [0x00000000a0000000, 0x00000000a9300000, 0x00000000e0000000)
  object space 150528K, 11% used [0x00000000a0000000,0x00000000a108eb28,0x00000000a9300000)
 Metaspace       used 47981K, capacity 49190K, committed 49408K, reserved 1091584K
  class space    used 6445K, capacity 6789K, committed 6912K, reserved 1048576K
Event: 6.367 GC heap after
Heap after GC invocations=9 (full 2):
 PSYoungGen      total 186368K, used 13811K [0x00000000e0000000, 0x00000000eeb80000, 0x0000000100000000)
  eden space 172544K, 0% used [0x00000000e0000000,0x00000000e0000000,0x00000000ea880000)
  from space 13824K, 99% used [0x00000000ea880000,0x00000000eb5fcc70,0x00000000eb600000)
  to   space 14336K, 0% used [0x00000000eb600000,0x00000000eb600000,0x00000000ec400000)
 ParOldGen       total 150528K, used 23601K [0x00000000a0000000, 0x00000000a9300000, 0x00000000e0000000)
  object space 150528K, 15% used [0x00000000a0000000,0x00000000a170c688,0x00000000a9300000)
 Metaspace       used 47981K, capacity 49190K, committed 49408K, reserved 1091584K
  class space    used 6445K, capacity 6789K, committed 6912K, reserved 1048576K
}
Event: 7.352 GC heap before
{Heap before GC invocations=10 (full 2):
 PSYoungGen      total 186368K, used 113377K [0x00000000e0000000, 0x00000000eeb80000, 0x0000000100000000)
  eden space 172544K, 57% used [0x00000000e0000000,0x00000000e613b9e0,0x00000000ea880000)
  from space 13824K, 99% used [0x00000000ea880000,0x00000000eb5fcc70,0x00000000eb600000)
  to   space 14336K, 0% used [0x00000000eb600000,0x00000000eb600000,0x00000000ec400000)
 ParOldGen       total 150528K, used 23601K [0x00000000a0000000, 0x00000000a9300000, 0x00000000e0000000)
  object space 150528K, 15% used [0x00000000a0000000,0x00000000a170c688,0x00000000a9300000)
 Metaspace       used 57116K, capacity 58992K, committed 59028K, reserved 1099776K
  class space    used 7667K, capacity 8166K, committed 8192K, reserved 1048576K
Event: 7.379 GC heap after
Heap after GC invocations=10 (full 2):
 PSYoungGen      total 186880K, used 14333K [0x00000000e0000000, 0x00000000eeb80000, 0x0000000100000000)
  eden space 172544K, 0% used [0x00000000e0000000,0x00000000e0000000,0x00000000ea880000)
  from space 14336K, 99% used [0x00000000eb600000,0x00000000ec3ff7c8,0x00000000ec400000)
  to   space 13824K, 0% used [0x00000000ea880000,0x00000000ea880000,0x00000000eb600000)
 ParOldGen       total 150528K, used 30774K [0x00000000a0000000, 0x00000000a9300000, 0x00000000e0000000)
  object space 150528K, 20% used [0x00000000a0000000,0x00000000a1e0d9b8,0x00000000a9300000)
 Metaspace       used 57116K, capacity 58992K, committed 59028K, reserved 1099776K
  class space    used 7667K, capacity 8166K, committed 8192K, reserved 1048576K
}
Event: 7.379 GC heap before
{Heap before GC invocations=11 (full 3):
 PSYoungGen      total 186880K, used 14333K [0x00000000e0000000, 0x00000000eeb80000, 0x0000000100000000)
  eden space 172544K, 0% used [0x00000000e0000000,0x00000000e0000000,0x00000000ea880000)
  from space 14336K, 99% used [0x00000000eb600000,0x00000000ec3ff7c8,0x00000000ec400000)
  to   space 13824K, 0% used [0x00000000ea880000,0x00000000ea880000,0x00000000eb600000)
 ParOldGen       total 150528K, used 30774K [0x00000000a0000000, 0x00000000a9300000, 0x00000000e0000000)
  object space 150528K, 20% used [0x00000000a0000000,0x00000000a1e0d9b8,0x00000000a9300000)
 Metaspace       used 57116K, capacity 58992K, committed 59028K, reserved 1099776K
  class space    used 7667K, capacity 8166K, committed 8192K, reserved 1048576K
Event: 7.585 GC heap after
Heap after GC invocations=11 (full 3):
 PSYoungGen      total 186880K, used 0K [0x00000000e0000000, 0x00000000eeb80000, 0x0000000100000000)
  eden space 172544K, 0% used [0x00000000e0000000,0x00000000e0000000,0x00000000ea880000)
  from space 14336K, 0% used [0x00000000eb600000,0x00000000eb600000,0x00000000ec400000)
  to   space 13824K, 0% used [0x00000000ea880000,0x00000000ea880000,0x00000000eb600000)
 ParOldGen       total 150528K, used 36853K [0x00000000a0000000, 0x00000000a9300000, 0x00000000e0000000)
  object space 150528K, 24% used [0x00000000a0000000,0x00000000a23fd6e0,0x00000000a9300000)
 Metaspace       used 57116K, capacity 58992K, committed 59028K, reserved 1099776K
  class space    used 7667K, capacity 8166K, committed 8192K, reserved 1048576K
}

