# JRE version: OpenJDK Runtime Environment (8.0_152-b06) (build 1.8.0_152-release-1136-b06)
# Java VM: OpenJDK 64-Bit Server VM (25.152-b06 mixed mode windows-amd64 compressed oops)
Heap:
 PSYoungGen      total 276992K, used 23346K [0x00000000e0000000, 0x00000000f9700000, 0x0000000100000000)
  eden space 252928K, 9% used [0x00000000e0000000,0x00000000e16cca00,0x00000000ef700000)
  from space 24064K, 0% used [0x00000000ef700000,0x00000000ef700000,0x00000000f0e80000)
  to   space 28672K, 0% used [0x00000000f7b00000,0x00000000f7b00000,0x00000000f9700000)
 ParOldGen       total 142336K, used 44854K [0x00000000a0000000, 0x00000000a8b00000, 0x00000000e0000000)
  object space 142336K, 31% used [0x00000000a0000000,0x00000000a2bcdaf0,0x00000000a8b00000)
 Metaspace       used 57994K, capacity 60104K, committed 60308K, reserved 1101824K
  class space    used 7939K, capacity 8480K, committed 8596K, reserved 1048576K
GC Heap History (10 events):
Event: 5.630 GC heap before
{Heap before GC invocations=8 (full 2):
 PSYoungGen      total 176640K, used 9191K [0x00000000e0000000, 0x00000000ef400000, 0x0000000100000000)
  eden space 162304K, 0% used [0x00000000e0000000,0x00000000e0000000,0x00000000e9e80000)
  from space 14336K, 64% used [0x00000000eac00000,0x00000000eb4f9f58,0x00000000eba00000)
  to   space 13824K, 0% used [0x00000000e9e80000,0x00000000e9e80000,0x00000000eac00000)
 ParOldGen       total 100352K, used 11640K [0x00000000a0000000, 0x00000000a6200000, 0x00000000e0000000)
  object space 100352K, 11% used [0x00000000a0000000,0x00000000a0b5e158,0x00000000a6200000)
 Metaspace       used 34385K, capacity 35330K, committed 35416K, reserved 1079296K
  class space    used 4801K, capacity 5120K, committed 5120K, reserved 1048576K
Event: 5.674 GC heap after
Heap after GC invocations=8 (full 2):
 PSYoungGen      total 176640K, used 0K [0x00000000e0000000, 0x00000000ef400000, 0x0000000100000000)
  eden space 162304K, 0% used [0x00000000e0000000,0x00000000e0000000,0x00000000e9e80000)
  from space 14336K, 0% used [0x00000000eac00000,0x00000000eac00000,0x00000000eba00000)
  to   space 13824K, 0% used [0x00000000e9e80000,0x00000000e9e80000,0x00000000eac00000)
 ParOldGen       total 142336K, used 15973K [0x00000000a0000000, 0x00000000a8b00000, 0x00000000e0000000)
  object space 142336K, 11% used [0x00000000a0000000,0x00000000a0f99470,0x00000000a8b00000)
 Metaspace       used 34385K, capacity 35330K, committed 35416K, reserved 1079296K
  class space    used 4801K, capacity 5120K, committed 5120K, reserved 1048576K
}
Event: 6.969 GC heap before
{Heap before GC invocations=9 (full 2):
 PSYoungGen      total 176640K, used 162304K [0x00000000e0000000, 0x00000000ef400000, 0x0000000100000000)
  eden space 162304K, 100% used [0x00000000e0000000,0x00000000e9e80000,0x00000000e9e80000)
  from space 14336K, 0% used [0x00000000eac00000,0x00000000eac00000,0x00000000eba00000)
  to   space 13824K, 0% used [0x00000000e9e80000,0x00000000e9e80000,0x00000000eac00000)
 ParOldGen       total 142336K, used 15973K [0x00000000a0000000, 0x00000000a8b00000, 0x00000000e0000000)
  object space 142336K, 11% used [0x00000000a0000000,0x00000000a0f99470,0x00000000a8b00000)
 Metaspace       used 45266K, capacity 46458K, committed 46848K, reserved 1089536K
  class space    used 6170K, capacity 6563K, committed 6656K, reserved 1048576K
Event: 6.988 GC heap after
Heap after GC invocations=9 (full 2):
 PSYoungGen      total 176128K, used 13817K [0x00000000e0000000, 0x00000000f1f80000, 0x0000000100000000)
  eden space 162304K, 0% used [0x00000000e0000000,0x00000000e0000000,0x00000000e9e80000)
  from space 13824K, 99% used [0x00000000e9e80000,0x00000000eabfe480,0x00000000eac00000)
  to   space 17408K, 0% used [0x00000000f0e80000,0x00000000f0e80000,0x00000000f1f80000)
 ParOldGen       total 142336K, used 20706K [0x00000000a0000000, 0x00000000a8b00000, 0x00000000e0000000)
  object space 142336K, 14% used [0x00000000a0000000,0x00000000a1438b20,0x00000000a8b00000)
 Metaspace       used 45266K, capacity 46458K, committed 46848K, reserved 1089536K
  class space    used 6170K, capacity 6563K, committed 6656K, reserved 1048576K
}
Event: 8.607 GC heap before
{Heap before GC invocations=10 (full 2):
 PSYoungGen      total 176128K, used 176121K [0x00000000e0000000, 0x00000000f1f80000, 0x0000000100000000)
  eden space 162304K, 100% used [0x00000000e0000000,0x00000000e9e80000,0x00000000e9e80000)
  from space 13824K, 99% used [0x00000000e9e80000,0x00000000eabfe480,0x00000000eac00000)
  to   space 17408K, 0% used [0x00000000f0e80000,0x00000000f0e80000,0x00000000f1f80000)
 ParOldGen       total 142336K, used 20706K [0x00000000a0000000, 0x00000000a8b00000, 0x00000000e0000000)
  object space 142336K, 14% used [0x00000000a0000000,0x00000000a1438b20,0x00000000a8b00000)
 Metaspace       used 56668K, capacity 58612K, committed 58752K, reserved 1099776K
  class space    used 7744K, capacity 8284K, committed 8320K, reserved 1048576K
Event: 8.625 GC heap after
Heap after GC invocations=10 (full 2):
 PSYoungGen      total 270336K, used 17405K [0x00000000e0000000, 0x00000000f2600000, 0x0000000100000000)
  eden space 252928K, 0% used [0x00000000e0000000,0x00000000e0000000,0x00000000ef700000)
  from space 17408K, 99% used [0x00000000f0e80000,0x00000000f1f7f7c8,0x00000000f1f80000)
  to   space 24064K, 0% used [0x00000000ef700000,0x00000000ef700000,0x00000000f0e80000)
 ParOldGen       total 142336K, used 30277K [0x00000000a0000000, 0x00000000a8b00000, 0x00000000e0000000)
  object space 142336K, 21% used [0x00000000a0000000,0x00000000a1d91428,0x00000000a8b00000)
 Metaspace       used 56668K, capacity 58612K, committed 58752K, reserved 1099776K
  class space    used 7744K, capacity 8284K, committed 8320K, reserved 1048576K
}
Event: 8.898 GC heap before
{Heap before GC invocations=11 (full 2):
 PSYoungGen      total 270336K, used 103217K [0x00000000e0000000, 0x00000000f2600000, 0x0000000100000000)
  eden space 252928K, 33% used [0x00000000e0000000,0x00000000e53ccf30,0x00000000ef700000)
  from space 17408K, 99% used [0x00000000f0e80000,0x00000000f1f7f7c8,0x00000000f1f80000)
  to   space 24064K, 0% used [0x00000000ef700000,0x00000000ef700000,0x00000000f0e80000)
 ParOldGen       total 142336K, used 30277K [0x00000000a0000000, 0x00000000a8b00000, 0x00000000e0000000)
  object space 142336K, 21% used [0x00000000a0000000,0x00000000a1d91428,0x00000000a8b00000)
 Metaspace       used 57067K, capacity 59018K, committed 59028K, reserved 1099776K
  class space    used 7810K, capacity 8333K, committed 8340K, reserved 1048576K
Event: 8.930 GC heap after
Heap after GC invocations=11 (full 2):
 PSYoungGen      total 276992K, used 24045K [0x00000000e0000000, 0x00000000f9700000, 0x0000000100000000)
  eden space 252928K, 0% used [0x00000000e0000000,0x00000000e0000000,0x00000000ef700000)
  from space 24064K, 99% used [0x00000000ef700000,0x00000000f0e7b7c8,0x00000000f0e80000)
  to   space 28672K, 0% used [0x00000000f7b00000,0x00000000f7b00000,0x00000000f9700000)
 ParOldGen       total 142336K, used 33601K [0x00000000a0000000, 0x00000000a8b00000, 0x00000000e0000000)
  object space 142336K, 23% used [0x00000000a0000000,0x00000000a20d0638,0x00000000a8b00000)
 Metaspace       used 57067K, capacity 59018K, committed 59028K, reserved 1099776K
  class space    used 7810K, capacity 8333K, committed 8340K, reserved 1048576K
}
Event: 8.930 GC heap before
{Heap before GC invocations=12 (full 3):
 PSYoungGen      total 276992K, used 24045K [0x00000000e0000000, 0x00000000f9700000, 0x0000000100000000)
  eden space 252928K, 0% used [0x00000000e0000000,0x00000000e0000000,0x00000000ef700000)
  from space 24064K, 99% used [0x00000000ef700000,0x00000000f0e7b7c8,0x00000000f0e80000)
  to   space 28672K, 0% used [0x00000000f7b00000,0x00000000f7b00000,0x00000000f9700000)
 ParOldGen       total 142336K, used 33601K [0x00000000a0000000, 0x00000000a8b00000, 0x00000000e0000000)
  object space 142336K, 23% used [0x00000000a0000000,0x00000000a20d0638,0x00000000a8b00000)
 Metaspace       used 57067K, capacity 59018K, committed 59028K, reserved 1099776K
  class space    used 7810K, capacity 8333K, committed 8340K, reserved 1048576K
Event: 9.171 GC heap after
Heap after GC invocations=12 (full 3):
 PSYoungGen      total 276992K, used 0K [0x00000000e0000000, 0x00000000f9700000, 0x0000000100000000)
  eden space 252928K, 0% used [0x00000000e0000000,0x00000000e0000000,0x00000000ef700000)
  from space 24064K, 0% used [0x00000000ef700000,0x00000000ef700000,0x00000000f0e80000)
  to   space 28672K, 0% used [0x00000000f7b00000,0x00000000f7b00000,0x00000000f9700000)
 ParOldGen       total 142336K, used 44854K [0x00000000a0000000, 0x00000000a8b00000, 0x00000000e0000000)
  object space 142336K, 31% used [0x00000000a0000000,0x00000000a2bcdaf0,0x00000000a8b00000)
 Metaspace       used 57067K, capacity 59018K, committed 59028K, reserved 1099776K
  class space    used 7810K, capacity 8333K, committed 8340K, reserved 1048576K
}

